2018-05-21 11:54:36.327  INFO 11252 --- [restartedMain] c.l.S.SpringExternalLogFileApplication   : Starting SpringExternalLogFileApplication on DESKTOP-54KO38M with PID 11252 (C:\Users\Nisum\Downloads\SpringExternalLogFile\target\classes started by Nisum in C:\Users\Nisum\Downloads\SpringExternalLogFile)
2018-05-21 11:54:36.332  INFO 11252 --- [restartedMain] c.l.S.SpringExternalLogFileApplication   : No active profile set, falling back to default profiles: default
2018-05-21 11:54:36.428  INFO 11252 --- [restartedMain] ConfigServletWebServerApplicationContext : Refreshing org.springframework.boot.web.servlet.context.AnnotationConfigServletWebServerApplicationContext@11877d1: startup date [Mon May 21 11:54:36 IST 2018]; root of context hierarchy
2018-05-21 11:54:38.812  INFO 11252 --- [restartedMain] o.s.b.w.embedded.tomcat.TomcatWebServer  : Tomcat initialized with port(s): 8080 (http)
2018-05-21 11:54:38.849  INFO 11252 --- [restartedMain] o.apache.catalina.core.StandardService   : Starting service [Tomcat]
2018-05-21 11:54:38.853  INFO 11252 --- [restartedMain] org.apache.catalina.core.StandardEngine  : Starting Servlet Engine: Apache Tomcat/8.5.31
2018-05-21 11:54:38.861  INFO 11252 --- [localhost-startStop-1] o.a.catalina.core.AprLifecycleListener   : The APR based Apache Tomcat Native library which allows optimal performance in production environments was not found on the java.library.path: [C:\Program Files\Java\jdk1.8.0_144\bin;C:\WINDOWS\Sun\Java\bin;C:\WINDOWS\system32;C:\WINDOWS;C:\Users\Nisum\AppData\Local\Programs\Python\Python36\Scripts;C:\Program Files\apache-maven-3.5.2\bin;;C:\Program Files (x86)\WinMerge;C:\WINDOWS\system32;C:\WINDOWS;C:\WINDOWS\System32\Wbem;C:\WINDOWS\System32\WindowsPowerShell\v1.0\;C:\Program Files\nodejs\;C:\Program Files\dotnet\;C:\Program Files\Microsoft SQL Server\130\Tools\Binn\;C:\Program Files\Java\jdk1.8.0_144\bin;C:\Users\Nisum\AppData\Local\Microsoft\WindowsApps;C:\Users\Nisum\AppData\Roaming\npm;.]
2018-05-21 11:54:38.993  INFO 11252 --- [localhost-startStop-1] o.a.c.c.C.[Tomcat].[localhost].[/]       : Initializing Spring embedded WebApplicationContext
2018-05-21 11:54:38.993  INFO 11252 --- [localhost-startStop-1] o.s.web.context.ContextLoader            : Root WebApplicationContext: initialization completed in 2565 ms
2018-05-21 11:54:39.249  INFO 11252 --- [localhost-startStop-1] o.s.b.w.servlet.ServletRegistrationBean  : Servlet dispatcherServlet mapped to [/]
2018-05-21 11:54:39.257  INFO 11252 --- [localhost-startStop-1] o.s.b.w.servlet.FilterRegistrationBean   : Mapping filter: 'characterEncodingFilter' to: [/*]
2018-05-21 11:54:39.257  INFO 11252 --- [localhost-startStop-1] o.s.b.w.servlet.FilterRegistrationBean   : Mapping filter: 'hiddenHttpMethodFilter' to: [/*]
2018-05-21 11:54:39.257  INFO 11252 --- [localhost-startStop-1] o.s.b.w.servlet.FilterRegistrationBean   : Mapping filter: 'httpPutFormContentFilter' to: [/*]
2018-05-21 11:54:39.257  INFO 11252 --- [localhost-startStop-1] o.s.b.w.servlet.FilterRegistrationBean   : Mapping filter: 'requestContextFilter' to: [/*]
2018-05-21 11:54:39.453  INFO 11252 --- [restartedMain] o.s.w.s.handler.SimpleUrlHandlerMapping  : Mapped URL path [/**/favicon.ico] onto handler of type [class org.springframework.web.servlet.resource.ResourceHttpRequestHandler]
2018-05-21 11:54:39.713  INFO 11252 --- [restartedMain] s.w.s.m.m.a.RequestMappingHandlerAdapter : Looking for @ControllerAdvice: org.springframework.boot.web.servlet.context.AnnotationConfigServletWebServerApplicationContext@11877d1: startup date [Mon May 21 11:54:36 IST 2018]; root of context hierarchy
2018-05-21 11:54:39.829  INFO 11252 --- [restartedMain] s.w.s.m.m.a.RequestMappingHandlerMapping : Mapped "{[/error]}" onto public org.springframework.http.ResponseEntity<java.util.Map<java.lang.String, java.lang.Object>> org.springframework.boot.autoconfigure.web.servlet.error.BasicErrorController.error(javax.servlet.http.HttpServletRequest)
2018-05-21 11:54:39.833  INFO 11252 --- [restartedMain] s.w.s.m.m.a.RequestMappingHandlerMapping : Mapped "{[/error],produces=[text/html]}" onto public org.springframework.web.servlet.ModelAndView org.springframework.boot.autoconfigure.web.servlet.error.BasicErrorController.errorHtml(javax.servlet.http.HttpServletRequest,javax.servlet.http.HttpServletResponse)
2018-05-21 11:54:39.886  INFO 11252 --- [restartedMain] o.s.w.s.handler.SimpleUrlHandlerMapping  : Mapped URL path [/webjars/**] onto handler of type [class org.springframework.web.servlet.resource.ResourceHttpRequestHandler]
2018-05-21 11:54:39.890  INFO 11252 --- [restartedMain] o.s.w.s.handler.SimpleUrlHandlerMapping  : Mapped URL path [/**] onto handler of type [class org.springframework.web.servlet.resource.ResourceHttpRequestHandler]
2018-05-21 11:54:40.142  INFO 11252 --- [restartedMain] o.s.b.d.a.OptionalLiveReloadServer       : LiveReload server is running on port 35729
2018-05-21 11:54:40.178  INFO 11252 --- [restartedMain] o.s.j.e.a.AnnotationMBeanExporter        : Registering beans for JMX exposure on startup
2018-05-21 11:54:40.326  INFO 11252 --- [restartedMain] o.s.b.w.embedded.tomcat.TomcatWebServer  : Tomcat started on port(s): 8080 (http) with context path ''
2018-05-21 11:54:40.342  INFO 11252 --- [restartedMain] c.l.S.SpringExternalLogFileApplication   : Started SpringExternalLogFileApplication in 4.799 seconds (JVM running for 5.313)
2018-05-21 11:54:40.354  INFO 11252 --- [restartedMain] c.l.S.SpringExternalLogFileApplication   : End
2018-05-21 11:59:12.322  INFO 11252 --- [Thread-6] ConfigServletWebServerApplicationContext : Closing org.springframework.boot.web.servlet.context.AnnotationConfigServletWebServerApplicationContext@11877d1: startup date [Mon May 21 11:54:36 IST 2018]; root of context hierarchy
2018-05-21 11:59:12.330  INFO 11252 --- [Thread-6] o.s.j.e.a.AnnotationMBeanExporter        : Unregistering JMX-exposed beans on shutdown
